<?xml version="1.0" encoding="UTF-8"?>
<TestRun id="69421b45-66d8-4a28-b5ed-54c7ebd62c28" name="PCM@PCM-PC 2011-05-30 21:46:34" runUser="PCM-PC\PCM" xmlns="http://microsoft.com/schemas/VisualStudio/TeamTest/2010">
  <TestSettings name="Local" id="2ee30008-8016-4a5f-bc3d-9decacd65fb8">
    <Description>These are default test settings for a local test run.</Description>
    <Deployment enabled="false" runDeploymentRoot="PCM_PCM-PC 2011-05-30 21_46_34">
      <DeploymentItem filename="E:\3. I.S.E.L\ISEL 2011\Projecto\ProjectosVS\ForgetTraffic\ForgetTraffic.DataModel\bin\Debug\ForgetTraffic.DataModel.dll" />
      <DeploymentItem filename="E:\3. I.S.E.L\ISEL 2011\Projecto\ProjectosVS\ForgetTraffic\ForgetTraffic.DAL\bin\Debug\ForgetTraffic.DAL.dll" />
      <DeploymentItem filename="E:\3. I.S.E.L\ISEL 2011\Projecto\ProjectosVS\ForgetTraffic\ForgetTraffic.Autentication\bin\Debug\ForgetTraffic.Autentication.dll" />
      <DeploymentItem filename="E:\3. I.S.E.L\ISEL 2011\Projecto\ProjectosVS\ForgetTraffic\ForgetTraffic.ServicesUtils\bin\Debug\ForgetTraffic.ServicesUtils.dll" />
    </Deployment>
    <Execution>
      <TestTypeSpecific />
      <AgentRule name="Execution Agents">
      </AgentRule>
    </Execution>
  </TestSettings>
  <Times creation="2011-05-30T21:46:34.4725971+01:00" queuing="2011-05-30T21:46:34.5766030+01:00" start="2011-05-30T21:46:34.4725971+01:00" finish="2011-05-30T21:47:09.6836110+01:00" />
  <ResultSummary outcome="Error">
    <Counters total="1" error="0" failed="0" timeout="0" aborted="0" inconclusive="0" passedButRunAborted="0" notRunnable="0" notExecuted="1" disconnected="0" warning="0" passed="0" completed="0" inProgress="0" pending="0" />
    <RunInfos>
      <RunInfo computerName="PCM-PC" outcome="Error" timestamp="2011-05-30T21:47:09.6826110+01:00">
        <Text>Failed to queue test run 'PCM@PCM-PC 2011-05-30 21:46:34': Test run 'PCM@PCM-PC 2011-05-30 21:46:34' could not be executed. No agents are marked online to execute test run.</Text>
        <Exception>Microsoft.VisualStudio.TestTools.Exceptions.RigExecutionException: Test run 'PCM@PCM-PC 2011-05-30 21:46:34' could not be executed. No agents are marked online to execute test run.
   at Microsoft.VisualStudio.TestTools.Controller.ControllerObject.QueueTestRun(TestRun testRun, FileCopyService fileCopyService, IControllerEvents eventHandler)
   at Microsoft.VisualStudio.TestTools.TestManagement.ControllerProxy.QueueTestRunWorker(Object state)</Exception>
      </RunInfo>
    </RunInfos>
  </ResultSummary>
  <TestDefinitions>
    <UnitTest name="CreateUserTest" storage="e:\3. i.s.e.l\isel 2011\projecto\projectosvs\forgettraffic\forgettraffictests.autentication\bin\debug\forgettraffictests.autentication.dll" priority="1" id="5552bc4b-a2ea-2fee-5268-8a8c4486979b">
      <Execution id="2ff244f2-679c-4c5d-9707-6c5655ce47b7" />
      <TestMethod codeBase="E:/3. I.S.E.L/ISEL 2011/Projecto/ProjectosVS/ForgetTraffic/ForgetTrafficTests.Autentication/bin/Debug/ForgetTrafficTests.Autentication.DLL" adapterTypeName="Microsoft.VisualStudio.TestTools.TestTypes.Unit.UnitTestAdapter, Microsoft.VisualStudio.QualityTools.Tips.UnitTest.Adapter, Version=10.0.0.0, Culture=neutral, PublicKeyToken=b03f5f7f11d50a3a" className="ForgetTrafficTests.Autentication.AccountManagerTest, ForgetTrafficTests.Autentication, Version=1.0.0.0, Culture=neutral, PublicKeyToken=null" name="CreateUserTest" />
    </UnitTest>
  </TestDefinitions>
  <TestLists>
    <TestList name="1.Criar" id="bb2b8806-9051-4b53-bd3e-174b9d2b51b8" parentListId="b3bfb357-bfcb-4e08-b247-8b99cc580d1a">
      <TestLinks>
        <TestLink id="5552bc4b-a2ea-2fee-5268-8a8c4486979b" name="CreateUserTest" storage="e:\3. i.s.e.l\isel 2011\projecto\projectosvs\forgettraffic\forgettraffictests.autentication\bin\debug\forgettraffictests.autentication.dll" type="Microsoft.VisualStudio.TestTools.TestTypes.Unit.UnitTestElement, Microsoft.VisualStudio.QualityTools.Tips.UnitTest.ObjectModel, Version=10.0.0.0, Culture=neutral, PublicKeyToken=b03f5f7f11d50a3a" />
      </TestLinks>
    </TestList>
    <TestList name="Lista de TEste" id="b3bfb357-bfcb-4e08-b247-8b99cc580d1a" parentListId="8c43106b-9dc1-4907-a29f-aa66a61bf5b6" />
    <TestList name="Lists of Results" id="8c43106b-9dc1-4907-a29f-aa66a61bf5b6" />
    <TestList name="All Loaded Results" id="19431567-8539-422a-85d7-44ee4e166bda" />
  </TestLists>
  <TestEntries>
    <TestEntry testId="5552bc4b-a2ea-2fee-5268-8a8c4486979b" executionId="072eca9e-3fa2-4bba-b4e1-7a5bd7682709" testListId="bb2b8806-9051-4b53-bd3e-174b9d2b51b8" />
  </TestEntries>
  <Results>
    <UnitTestResult executionId="072eca9e-3fa2-4bba-b4e1-7a5bd7682709" testId="5552bc4b-a2ea-2fee-5268-8a8c4486979b" testName="CreateUserTest" computerName="PCM-PC" testType="13cdc9d9-ddb5-4fa4-a97d-d965ccfc6d4b" outcome="NotExecuted" testListId="bb2b8806-9051-4b53-bd3e-174b9d2b51b8" relativeResultsDirectory="072eca9e-3fa2-4bba-b4e1-7a5bd7682709">
    </UnitTestResult>
  </Results>
</TestRun>